<?xml version="1.0" encoding="UTF-8"?>
<testng-results skipped="2" failed="0" total="4" passed="2">
  <reporter-output>
  </reporter-output>
  <suite name="Suite" duration-ms="10791434" started-at="2017-03-31T14:50:07Z" finished-at="2017-03-31T17:49:59Z">
    <groups>
    </groups>
    <test name="TestPhantomJS" duration-ms="11205" started-at="2017-03-31T14:50:07Z" finished-at="2017-03-31T14:50:18Z">
      <class name="project.interview.selenium.SeleniumWaits">
        <test-method status="PASS" signature="initializeBrowser(java.lang.String, java.lang.String)[pri:0, instance:project.interview.selenium.SeleniumWaits@754ba872]" name="initializeBrowser" is-config="true" duration-ms="6064" started-at="2017-03-31T14:50:07Z" finished-at="2017-03-31T14:50:13Z">
          <params>
            <param index="0">
              <value>
                <![CDATA[phantom]]>
              </value>
            </param>
            <param index="1">
              <value>
                <![CDATA[local]]>
              </value>
            </param>
          </params>
        </test-method> <!-- initializeBrowser -->
        <test-method status="PASS" signature="testHandleAjaxPageUsingDifferentWaits()[pri:0, instance:project.interview.selenium.SeleniumWaits@754ba872]" name="testHandleAjaxPageUsingDifferentWaits" duration-ms="3956" started-at="2017-03-31T14:50:13Z" finished-at="2017-03-31T14:50:17Z">
        </test-method> <!-- testHandleAjaxPageUsingDifferentWaits -->
        <test-method status="PASS" signature="shutdown()[pri:0, instance:project.interview.selenium.SeleniumWaits@754ba872]" name="shutdown" is-config="true" duration-ms="1138" started-at="2017-03-31T14:50:17Z" finished-at="2017-03-31T14:50:18Z">
        </test-method> <!-- shutdown -->
      </class> <!-- project.interview.selenium.SeleniumWaits -->
    </test> <!-- TestPhantomJS -->
    <test name="TestChrome" duration-ms="17586" started-at="2017-03-31T14:50:07Z" finished-at="2017-03-31T14:50:25Z">
      <class name="project.interview.selenium.SeleniumWaits">
        <test-method status="PASS" signature="initializeBrowser(java.lang.String, java.lang.String)[pri:0, instance:project.interview.selenium.SeleniumWaits@5442a311]" name="initializeBrowser" is-config="true" duration-ms="10975" started-at="2017-03-31T14:50:07Z" finished-at="2017-03-31T14:50:18Z">
          <params>
            <param index="0">
              <value>
                <![CDATA[chrome]]>
              </value>
            </param>
            <param index="1">
              <value>
                <![CDATA[local]]>
              </value>
            </param>
          </params>
        </test-method> <!-- initializeBrowser -->
        <test-method status="PASS" signature="testHandleAjaxPageUsingDifferentWaits()[pri:0, instance:project.interview.selenium.SeleniumWaits@5442a311]" name="testHandleAjaxPageUsingDifferentWaits" duration-ms="5358" started-at="2017-03-31T14:50:18Z" finished-at="2017-03-31T14:50:23Z">
        </test-method> <!-- testHandleAjaxPageUsingDifferentWaits -->
        <test-method status="PASS" signature="shutdown()[pri:0, instance:project.interview.selenium.SeleniumWaits@5442a311]" name="shutdown" is-config="true" duration-ms="1244" started-at="2017-03-31T14:50:23Z" finished-at="2017-03-31T14:50:25Z">
        </test-method> <!-- shutdown -->
      </class> <!-- project.interview.selenium.SeleniumWaits -->
    </test> <!-- TestChrome -->
    <test name="TestFirefox" duration-ms="58893" started-at="2017-03-31T14:50:07Z" finished-at="2017-03-31T14:51:06Z">
      <class name="project.interview.selenium.SeleniumWaits">
        <test-method status="FAIL" signature="initializeBrowser(java.lang.String, java.lang.String)[pri:0, instance:project.interview.selenium.SeleniumWaits@27efef64]" name="initializeBrowser" is-config="true" duration-ms="0" started-at="2017-03-31T14:50:07Z" finished-at="2017-03-31T14:50:07Z">
          <params>
            <param index="0">
              <value>
                <![CDATA[firefox]]>
              </value>
            </param>
            <param index="1">
              <value>
                <![CDATA[local]]>
              </value>
            </param>
          </params>
          <exception class="org.openqa.selenium.WebDriverException">
            <message>
              <![CDATA[Failed to connect to binary FirefoxBinary(C:\Program Files (x86)\Mozilla Firefox\firefox.exe) on port 7055; process output follows: 
10srollout@mozilla.org.xpi
1490952022100	addons.xpi	DEBUG	Calling bootstrap method startup on e10srollout@mozilla.org version 1.9
1490952022101	addons.xpi	DEBUG	Registering manifest for C:\Program Files (x86)\Mozilla Firefox\browser\features\firefox@getpocket.com.xpi
1490952022102	addons.xpi	DEBUG	Loading bootstrap scope from C:\Program Files (x86)\Mozilla Firefox\browser\features\firefox@getpocket.com.xpi
1490952022108	addons.xpi	DEBUG	Calling bootstrap method startup on firefox@getpocket.com version 1.0.5
1490952022119	addons.xpi-utils	DEBUG	Starting async load of XPI database C:\Users\KARUNA~1\AppData\Local\Temp\anonymous7973721752187721390webdriver-profile\extensions.json
1490952022121	addons.xpi	DEBUG	Registering manifest for C:\Program Files (x86)\Mozilla Firefox\browser\features\webcompat@mozilla.org.xpi
1490952022121	addons.xpi	DEBUG	Loading bootstrap scope from C:\Program Files (x86)\Mozilla Firefox\browser\features\webcompat@mozilla.org.xpi
1490952022123	addons.xpi	DEBUG	Calling bootstrap method startup on webcompat@mozilla.org version 1.0
1490952022125	addons.manager	DEBUG	Registering shutdown blocker for XPIProvider
1490952022126	addons.manager	DEBUG	Provider finished startup: XPIProvider
1490952022126	addons.manager	DEBUG	Starting provider: LightweightThemeManager
1490952022126	addons.manager	DEBUG	Registering shutdown blocker for LightweightThemeManager
1490952022126	addons.manager	DEBUG	Provider finished startup: LightweightThemeManager
1490952022127	addons.manager	DEBUG	Starting provider: GMPProvider
1490952022136	addons.manager	DEBUG	Registering shutdown blocker for GMPProvider
1490952022136	addons.manager	DEBUG	Provider finished startup: GMPProvider
1490952022137	addons.manager	DEBUG	Starting provider: PluginProvider
1490952022137	addons.manager	DEBUG	Registering shutdown blocker for PluginProvider
1490952022137	addons.manager	DEBUG	Provider finished startup: PluginProvider
1490952022138	addons.manager	DEBUG	Completed startup sequence
1490952022482	addons.xpi-utils	DEBUG	Async JSON file read took 0 MS
1490952022482	addons.xpi-utils	DEBUG	Finished async read of XPI database, parsing...
1490952022485	addons.xpi-utils	DEBUG	Successfully read XPI database
1490952022502	addons.manager	DEBUG	Starting provider: <unnamed-provider>
1490952022502	addons.manager	DEBUG	Registering shutdown blocker for <unnamed-provider>
1490952022502	addons.manager	DEBUG	Provider finished startup: <unnamed-provider>
*** Blocklist::_loadBlocklistFromFile: blocklist is disabled
1490952022668	addons.manager	DEBUG	Starting provider: PreviousExperimentProvider
1490952022668	addons.manager	DEBUG	Registering shutdown blocker for PreviousExperimentProvider
1490952022669	addons.manager	DEBUG	Provider finished startup: PreviousExperimentProvider
1490952032513	addons.xpi	DEBUG	Calling bootstrap method shutdown on webcompat@mozilla.org version 1.0
1490952032514	addons.xpi	DEBUG	Calling bootstrap method shutdown on firefox@getpocket.com version 1.0.5
1490952032514	addons.xpi	DEBUG	Calling bootstrap method shutdown on e10srollout@mozilla.org version 1.9
1490952032515	addons.xpi	DEBUG	Calling bootstrap method shutdown on deployment-checker@mozilla.org version 1.0
1490952032516	addons.xpi	DEBUG	Calling bootstrap method shutdown on aushelper@mozilla.org version 2.0
1490952032797	addons.manager	DEBUG	shutdown
1490952032798	addons.manager	DEBUG	Calling shutdown blocker for XPIProvider
1490952032798	addons.xpi	DEBUG	shutdown
1490952032798	addons.xpi-utils	DEBUG	shutdown
1490952032800	addons.manager	DEBUG	Calling shutdown blocker for LightweightThemeManager
1490952032801	addons.manager	DEBUG	Calling shutdown blocker for GMPProvider
1490952032804	addons.manager	DEBUG	Calling shutdown blocker for PluginProvider
1490952032804	addons.manager	DEBUG	Calling shutdown blocker for <unnamed-provider>
1490952032806	addons.manager	DEBUG	Calling shutdown blocker for PreviousExperimentProvider
1490952032808	addons.xpi	DEBUG	Notifying XPI shutdown observers
1490952032813	addons.manager	DEBUG	Async provider shutdown done

Build info: version: '2.44.0', revision: '76d78cf323ce037c5f92db6c1bba601c2ac43ad8', time: '2014-10-23 13:11:40'
System info: host: 'karunachalam', ip: '10.37.1.230', os.name: 'Windows 7', os.arch: 'amd64', os.version: '6.1', java.version: '1.8.0_121'
Driver info: driver.version: FirefoxDriver]]>
            </message>
            <full-stacktrace>
              <![CDATA[org.openqa.selenium.WebDriverException: Failed to connect to binary FirefoxBinary(C:\Program Files (x86)\Mozilla Firefox\firefox.exe) on port 7055; process output follows: 
10srollout@mozilla.org.xpi
1490952022100	addons.xpi	DEBUG	Calling bootstrap method startup on e10srollout@mozilla.org version 1.9
1490952022101	addons.xpi	DEBUG	Registering manifest for C:\Program Files (x86)\Mozilla Firefox\browser\features\firefox@getpocket.com.xpi
1490952022102	addons.xpi	DEBUG	Loading bootstrap scope from C:\Program Files (x86)\Mozilla Firefox\browser\features\firefox@getpocket.com.xpi
1490952022108	addons.xpi	DEBUG	Calling bootstrap method startup on firefox@getpocket.com version 1.0.5
1490952022119	addons.xpi-utils	DEBUG	Starting async load of XPI database C:\Users\KARUNA~1\AppData\Local\Temp\anonymous7973721752187721390webdriver-profile\extensions.json
1490952022121	addons.xpi	DEBUG	Registering manifest for C:\Program Files (x86)\Mozilla Firefox\browser\features\webcompat@mozilla.org.xpi
1490952022121	addons.xpi	DEBUG	Loading bootstrap scope from C:\Program Files (x86)\Mozilla Firefox\browser\features\webcompat@mozilla.org.xpi
1490952022123	addons.xpi	DEBUG	Calling bootstrap method startup on webcompat@mozilla.org version 1.0
1490952022125	addons.manager	DEBUG	Registering shutdown blocker for XPIProvider
1490952022126	addons.manager	DEBUG	Provider finished startup: XPIProvider
1490952022126	addons.manager	DEBUG	Starting provider: LightweightThemeManager
1490952022126	addons.manager	DEBUG	Registering shutdown blocker for LightweightThemeManager
1490952022126	addons.manager	DEBUG	Provider finished startup: LightweightThemeManager
1490952022127	addons.manager	DEBUG	Starting provider: GMPProvider
1490952022136	addons.manager	DEBUG	Registering shutdown blocker for GMPProvider
1490952022136	addons.manager	DEBUG	Provider finished startup: GMPProvider
1490952022137	addons.manager	DEBUG	Starting provider: PluginProvider
1490952022137	addons.manager	DEBUG	Registering shutdown blocker for PluginProvider
1490952022137	addons.manager	DEBUG	Provider finished startup: PluginProvider
1490952022138	addons.manager	DEBUG	Completed startup sequence
1490952022482	addons.xpi-utils	DEBUG	Async JSON file read took 0 MS
1490952022482	addons.xpi-utils	DEBUG	Finished async read of XPI database, parsing...
1490952022485	addons.xpi-utils	DEBUG	Successfully read XPI database
1490952022502	addons.manager	DEBUG	Starting provider: <unnamed-provider>
1490952022502	addons.manager	DEBUG	Registering shutdown blocker for <unnamed-provider>
1490952022502	addons.manager	DEBUG	Provider finished startup: <unnamed-provider>
*** Blocklist::_loadBlocklistFromFile: blocklist is disabled
1490952022668	addons.manager	DEBUG	Starting provider: PreviousExperimentProvider
1490952022668	addons.manager	DEBUG	Registering shutdown blocker for PreviousExperimentProvider
1490952022669	addons.manager	DEBUG	Provider finished startup: PreviousExperimentProvider
1490952032513	addons.xpi	DEBUG	Calling bootstrap method shutdown on webcompat@mozilla.org version 1.0
1490952032514	addons.xpi	DEBUG	Calling bootstrap method shutdown on firefox@getpocket.com version 1.0.5
1490952032514	addons.xpi	DEBUG	Calling bootstrap method shutdown on e10srollout@mozilla.org version 1.9
1490952032515	addons.xpi	DEBUG	Calling bootstrap method shutdown on deployment-checker@mozilla.org version 1.0
1490952032516	addons.xpi	DEBUG	Calling bootstrap method shutdown on aushelper@mozilla.org version 2.0
1490952032797	addons.manager	DEBUG	shutdown
1490952032798	addons.manager	DEBUG	Calling shutdown blocker for XPIProvider
1490952032798	addons.xpi	DEBUG	shutdown
1490952032798	addons.xpi-utils	DEBUG	shutdown
1490952032800	addons.manager	DEBUG	Calling shutdown blocker for LightweightThemeManager
1490952032801	addons.manager	DEBUG	Calling shutdown blocker for GMPProvider
1490952032804	addons.manager	DEBUG	Calling shutdown blocker for PluginProvider
1490952032804	addons.manager	DEBUG	Calling shutdown blocker for <unnamed-provider>
1490952032806	addons.manager	DEBUG	Calling shutdown blocker for PreviousExperimentProvider
1490952032808	addons.xpi	DEBUG	Notifying XPI shutdown observers
1490952032813	addons.manager	DEBUG	Async provider shutdown done

Build info: version: '2.44.0', revision: '76d78cf323ce037c5f92db6c1bba601c2ac43ad8', time: '2014-10-23 13:11:40'
System info: host: 'karunachalam', ip: '10.37.1.230', os.name: 'Windows 7', os.arch: 'amd64', os.version: '6.1', java.version: '1.8.0_121'
Driver info: driver.version: FirefoxDriver
	at org.openqa.selenium.firefox.internal.NewProfileExtensionConnection.start(NewProfileExtensionConnection.java:130)
	at org.openqa.selenium.firefox.FirefoxDriver.startClient(FirefoxDriver.java:246)
	at org.openqa.selenium.remote.RemoteWebDriver.<init>(RemoteWebDriver.java:114)
	at org.openqa.selenium.firefox.FirefoxDriver.<init>(FirefoxDriver.java:191)
	at org.openqa.selenium.firefox.FirefoxDriver.<init>(FirefoxDriver.java:186)
	at org.openqa.selenium.firefox.FirefoxDriver.<init>(FirefoxDriver.java:182)
	at org.openqa.selenium.firefox.FirefoxDriver.<init>(FirefoxDriver.java:95)
	at project.interview.selenium.SeleniumWaits.initializeBrowser(SeleniumWaits.java:200)
	at sun.reflect.NativeMethodAccessorImpl.invoke0(Native Method)
	at sun.reflect.NativeMethodAccessorImpl.invoke(Unknown Source)
	at sun.reflect.DelegatingMethodAccessorImpl.invoke(Unknown Source)
	at java.lang.reflect.Method.invoke(Unknown Source)
	at org.testng.internal.MethodInvocationHelper.invokeMethod(MethodInvocationHelper.java:80)
	at org.testng.internal.Invoker.invokeConfigurationMethod(Invoker.java:551)
	at org.testng.internal.Invoker.invokeConfigurations(Invoker.java:213)
	at org.testng.internal.Invoker.invokeConfigurations(Invoker.java:138)
	at org.testng.TestRunner.beforeRun(TestRunner.java:641)
	at org.testng.TestRunner.run(TestRunner.java:609)
	at org.testng.SuiteRunner.runTest(SuiteRunner.java:334)
	at org.testng.SuiteRunner.access$000(SuiteRunner.java:37)
	at org.testng.SuiteRunner$SuiteWorker.run(SuiteRunner.java:368)
	at org.testng.internal.thread.ThreadUtil$2.call(ThreadUtil.java:64)
	at java.util.concurrent.FutureTask.run(Unknown Source)
	at java.util.concurrent.ThreadPoolExecutor.runWorker(Unknown Source)
	at java.util.concurrent.ThreadPoolExecutor$Worker.run(Unknown Source)
	at java.lang.Thread.run(Unknown Source)
Caused by: org.openqa.selenium.firefox.NotConnectedException: Unable to connect to host 127.0.0.1 on port 7055 after 45000 ms. Firefox console output:
10srollout@mozilla.org.xpi
1490952022100	addons.xpi	DEBUG	Calling bootstrap method startup on e10srollout@mozilla.org version 1.9
1490952022101	addons.xpi	DEBUG	Registering manifest for C:\Program Files (x86)\Mozilla Firefox\browser\features\firefox@getpocket.com.xpi
1490952022102	addons.xpi	DEBUG	Loading bootstrap scope from C:\Program Files (x86)\Mozilla Firefox\browser\features\firefox@getpocket.com.xpi
1490952022108	addons.xpi	DEBUG	Calling bootstrap method startup on firefox@getpocket.com version 1.0.5
1490952022119	addons.xpi-utils	DEBUG	Starting async load of XPI database C:\Users\KARUNA~1\AppData\Local\Temp\anonymous7973721752187721390webdriver-profile\extensions.json
1490952022121	addons.xpi	DEBUG	Registering manifest for C:\Program Files (x86)\Mozilla Firefox\browser\features\webcompat@mozilla.org.xpi
1490952022121	addons.xpi	DEBUG	Loading bootstrap scope from C:\Program Files (x86)\Mozilla Firefox\browser\features\webcompat@mozilla.org.xpi
1490952022123	addons.xpi	DEBUG	Calling bootstrap method startup on webcompat@mozilla.org version 1.0
1490952022125	addons.manager	DEBUG	Registering shutdown blocker for XPIProvider
1490952022126	addons.manager	DEBUG	Provider finished startup: XPIProvider
1490952022126	addons.manager	DEBUG	Starting provider: LightweightThemeManager
1490952022126	addons.manager	DEBUG	Registering shutdown blocker for LightweightThemeManager
1490952022126	addons.manager	DEBUG	Provider finished startup: LightweightThemeManager
1490952022127	addons.manager	DEBUG	Starting provider: GMPProvider
1490952022136	addons.manager	DEBUG	Registering shutdown blocker for GMPProvider
1490952022136	addons.manager	DEBUG	Provider finished startup: GMPProvider
1490952022137	addons.manager	DEBUG	Starting provider: PluginProvider
1490952022137	addons.manager	DEBUG	Registering shutdown blocker for PluginProvider
1490952022137	addons.manager	DEBUG	Provider finished startup: PluginProvider
1490952022138	addons.manager	DEBUG	Completed startup sequence
1490952022482	addons.xpi-utils	DEBUG	Async JSON file read took 0 MS
1490952022482	addons.xpi-utils	DEBUG	Finished async read of XPI database, parsing...
1490952022485	addons.xpi-utils	DEBUG	Successfully read XPI database
1490952022502	addons.manager	DEBUG	Starting provider: <unnamed-provider>
1490952022502	addons.manager	DEBUG	Registering shutdown blocker for <unnamed-provider>
1490952022502	addons.manager	DEBUG	Provider finished startup: <unnamed-provider>
*** Blocklist::_loadBlocklistFromFile: blocklist is disabled
1490952022668	addons.manager	DEBUG	Starting provider: PreviousExperimentProvider
1490952022668	addons.manager	DEBUG	Registering shutdown blocker for PreviousExperimentProvider
1490952022669	addons.manager	DEBUG	Provider finished startup: PreviousExperimentProvider
1490952032513	addons.xpi	DEBUG	Calling bootstrap method shutdown on webcompat@mozilla.org version 1.0
1490952032514	addons.xpi	DEBUG	Calling bootstrap method shutdown on firefox@getpocket.com version 1.0.5
1490952032514	addons.xpi	DEBUG	Calling bootstrap method shutdown on e10srollout@mozilla.org version 1.9
1490952032515	addons.xpi	DEBUG	Calling bootstrap method shutdown on deployment-checker@mozilla.org version 1.0
1490952032516	addons.xpi	DEBUG	Calling bootstrap method shutdown on aushelper@mozilla.org version 2.0
1490952032797	addons.manager	DEBUG	shutdown
1490952032798	addons.manager	DEBUG	Calling shutdown blocker for XPIProvider
1490952032798	addons.xpi	DEBUG	shutdown
1490952032798	addons.xpi-utils	DEBUG	shutdown
1490952032800	addons.manager	DEBUG	Calling shutdown blocker for LightweightThemeManager
1490952032801	addons.manager	DEBUG	Calling shutdown blocker for GMPProvider
1490952032804	addons.manager	DEBUG	Calling shutdown blocker for PluginProvider
1490952032804	addons.manager	DEBUG	Calling shutdown blocker for <unnamed-provider>
1490952032806	addons.manager	DEBUG	Calling shutdown blocker for PreviousExperimentProvider
1490952032808	addons.xpi	DEBUG	Notifying XPI shutdown observers
1490952032813	addons.manager	DEBUG	Async provider shutdown done

	at org.openqa.selenium.firefox.internal.NewProfileExtensionConnection.start(NewProfileExtensionConnection.java:118)
	... 25 more
]]>
            </full-stacktrace>
          </exception> <!-- org.openqa.selenium.WebDriverException -->
        </test-method> <!-- initializeBrowser -->
        <test-method status="SKIP" signature="testHandleAjaxPageUsingDifferentWaits()[pri:0, instance:project.interview.selenium.SeleniumWaits@27efef64]" name="testHandleAjaxPageUsingDifferentWaits" duration-ms="3" started-at="2017-03-31T14:51:06Z" finished-at="2017-03-31T14:51:06Z">
        </test-method> <!-- testHandleAjaxPageUsingDifferentWaits -->
        <test-method status="SKIP" signature="shutdown()[pri:0, instance:project.interview.selenium.SeleniumWaits@27efef64]" name="shutdown" is-config="true" duration-ms="0" started-at="2017-03-31T14:51:06Z" finished-at="2017-03-31T14:51:06Z">
        </test-method> <!-- shutdown -->
      </class> <!-- project.interview.selenium.SeleniumWaits -->
    </test> <!-- TestFirefox -->
    <test name="TestIE" duration-ms="10791422" started-at="2017-03-31T14:50:07Z" finished-at="2017-03-31T17:49:59Z">
      <class name="project.interview.selenium.SeleniumWaits">
        <test-method status="FAIL" signature="initializeBrowser(java.lang.String, java.lang.String)[pri:0, instance:project.interview.selenium.SeleniumWaits@239963d8]" name="initializeBrowser" is-config="true" duration-ms="0" started-at="2017-03-31T14:50:07Z" finished-at="2017-03-31T14:50:07Z">
          <params>
            <param index="0">
              <value>
                <![CDATA[ie]]>
              </value>
            </param>
            <param index="1">
              <value>
                <![CDATA[local]]>
              </value>
            </param>
          </params>
          <exception class="org.openqa.selenium.remote.UnreachableBrowserException">
            <message>
              <![CDATA[Could not start a new session. Possible causes are invalid address of the remote server or browser start-up failure.
Build info: version: '2.44.0', revision: '76d78cf323ce037c5f92db6c1bba601c2ac43ad8', time: '2014-10-23 13:11:40'
System info: host: 'karunachalam', ip: '10.37.1.230', os.name: 'Windows 7', os.arch: 'amd64', os.version: '6.1', java.version: '1.8.0_121'
Driver info: driver.version: InternetExplorerDriver]]>
            </message>
            <full-stacktrace>
              <![CDATA[org.openqa.selenium.remote.UnreachableBrowserException: Could not start a new session. Possible causes are invalid address of the remote server or browser start-up failure.
Build info: version: '2.44.0', revision: '76d78cf323ce037c5f92db6c1bba601c2ac43ad8', time: '2014-10-23 13:11:40'
System info: host: 'karunachalam', ip: '10.37.1.230', os.name: 'Windows 7', os.arch: 'amd64', os.version: '6.1', java.version: '1.8.0_121'
Driver info: driver.version: InternetExplorerDriver
	at org.openqa.selenium.remote.RemoteWebDriver.execute(RemoteWebDriver.java:593)
	at org.openqa.selenium.remote.RemoteWebDriver.startSession(RemoteWebDriver.java:240)
	at org.openqa.selenium.remote.RemoteWebDriver.startSession(RemoteWebDriver.java:225)
	at org.openqa.selenium.ie.InternetExplorerDriver.run(InternetExplorerDriver.java:182)
	at org.openqa.selenium.ie.InternetExplorerDriver.<init>(InternetExplorerDriver.java:174)
	at org.openqa.selenium.ie.InternetExplorerDriver.<init>(InternetExplorerDriver.java:146)
	at project.interview.selenium.SeleniumWaits.initializeBrowser(SeleniumWaits.java:216)
	at sun.reflect.NativeMethodAccessorImpl.invoke0(Native Method)
	at sun.reflect.NativeMethodAccessorImpl.invoke(Unknown Source)
	at sun.reflect.DelegatingMethodAccessorImpl.invoke(Unknown Source)
	at java.lang.reflect.Method.invoke(Unknown Source)
	at org.testng.internal.MethodInvocationHelper.invokeMethod(MethodInvocationHelper.java:80)
	at org.testng.internal.Invoker.invokeConfigurationMethod(Invoker.java:551)
	at org.testng.internal.Invoker.invokeConfigurations(Invoker.java:213)
	at org.testng.internal.Invoker.invokeConfigurations(Invoker.java:138)
	at org.testng.TestRunner.beforeRun(TestRunner.java:641)
	at org.testng.TestRunner.run(TestRunner.java:609)
	at org.testng.SuiteRunner.runTest(SuiteRunner.java:334)
	at org.testng.SuiteRunner.access$000(SuiteRunner.java:37)
	at org.testng.SuiteRunner$SuiteWorker.run(SuiteRunner.java:368)
	at org.testng.internal.thread.ThreadUtil$2.call(ThreadUtil.java:64)
	at java.util.concurrent.FutureTask.run(Unknown Source)
	at java.util.concurrent.ThreadPoolExecutor.runWorker(Unknown Source)
	at java.util.concurrent.ThreadPoolExecutor$Worker.run(Unknown Source)
	at java.lang.Thread.run(Unknown Source)
Caused by: org.openqa.selenium.WebDriverException: java.net.SocketTimeoutException: Read timed out
Build info: version: '2.44.0', revision: '76d78cf323ce037c5f92db6c1bba601c2ac43ad8', time: '2014-10-23 13:11:40'
System info: host: 'karunachalam', ip: '10.37.1.230', os.name: 'Windows 7', os.arch: 'amd64', os.version: '6.1', java.version: '1.8.0_121'
Driver info: driver.version: InternetExplorerDriver
	at org.openqa.selenium.remote.service.DriverCommandExecutor.execute(DriverCommandExecutor.java:75)
	at org.openqa.selenium.remote.RemoteWebDriver.execute(RemoteWebDriver.java:572)
	... 24 more
Caused by: java.net.SocketTimeoutException: Read timed out
	at java.net.SocketInputStream.socketRead0(Native Method)
	at java.net.SocketInputStream.socketRead(Unknown Source)
	at java.net.SocketInputStream.read(Unknown Source)
	at java.net.SocketInputStream.read(Unknown Source)
	at org.apache.http.impl.io.SessionInputBufferImpl.streamRead(SessionInputBufferImpl.java:137)
	at org.apache.http.impl.io.SessionInputBufferImpl.fillBuffer(SessionInputBufferImpl.java:153)
	at org.apache.http.impl.io.SessionInputBufferImpl.readLine(SessionInputBufferImpl.java:282)
	at org.apache.http.impl.conn.DefaultHttpResponseParser.parseHead(DefaultHttpResponseParser.java:140)
	at org.apache.http.impl.conn.DefaultHttpResponseParser.parseHead(DefaultHttpResponseParser.java:57)
	at org.apache.http.impl.io.AbstractMessageParser.parse(AbstractMessageParser.java:259)
	at org.apache.http.impl.DefaultBHttpClientConnection.receiveResponseHeader(DefaultBHttpClientConnection.java:163)
	at org.apache.http.impl.conn.CPoolProxy.receiveResponseHeader(CPoolProxy.java:167)
	at org.apache.http.protocol.HttpRequestExecutor.doReceiveResponse(HttpRequestExecutor.java:273)
	at org.apache.http.protocol.HttpRequestExecutor.execute(HttpRequestExecutor.java:125)
	at org.apache.http.impl.execchain.MainClientExec.execute(MainClientExec.java:271)
	at org.apache.http.impl.execchain.ProtocolExec.execute(ProtocolExec.java:184)
	at org.apache.http.impl.execchain.RetryExec.execute(RetryExec.java:88)
	at org.apache.http.impl.execchain.RedirectExec.execute(RedirectExec.java:110)
	at org.apache.http.impl.client.InternalHttpClient.doExecute(InternalHttpClient.java:184)
	at org.apache.http.impl.client.CloseableHttpClient.execute(CloseableHttpClient.java:71)
	at org.apache.http.impl.client.CloseableHttpClient.execute(CloseableHttpClient.java:55)
	at org.openqa.selenium.remote.HttpCommandExecutor.fallBackExecute(HttpCommandExecutor.java:215)
	at org.openqa.selenium.remote.HttpCommandExecutor.execute(HttpCommandExecutor.java:184)
	at org.openqa.selenium.remote.service.DriverCommandExecutor.execute(DriverCommandExecutor.java:66)
	... 25 more
]]>
            </full-stacktrace>
          </exception> <!-- org.openqa.selenium.remote.UnreachableBrowserException -->
        </test-method> <!-- initializeBrowser -->
        <test-method status="SKIP" signature="testHandleAjaxPageUsingDifferentWaits()[pri:0, instance:project.interview.selenium.SeleniumWaits@239963d8]" name="testHandleAjaxPageUsingDifferentWaits" duration-ms="0" started-at="2017-03-31T17:49:59Z" finished-at="2017-03-31T17:49:59Z">
        </test-method> <!-- testHandleAjaxPageUsingDifferentWaits -->
        <test-method status="SKIP" signature="shutdown()[pri:0, instance:project.interview.selenium.SeleniumWaits@239963d8]" name="shutdown" is-config="true" duration-ms="0" started-at="2017-03-31T17:49:59Z" finished-at="2017-03-31T17:49:59Z">
        </test-method> <!-- shutdown -->
      </class> <!-- project.interview.selenium.SeleniumWaits -->
    </test> <!-- TestIE -->
  </suite> <!-- Suite -->
</testng-results>
